epoch 51 loss 0.0005308090178808197 acc 0.9843
epoch 52 loss 0.0005028338906634599 acc 0.9844
epoch 53 loss 0.0004975747619662433 acc 0.9848
epoch 54 loss 0.000496657629669644 acc 0.9846
epoch 55 loss 0.0005212632803199813 acc 0.9842
epoch 56 loss 0.0004865352909406647 acc 0.9844
epoch 57 loss 0.0004735095469746739 acc 0.9844
epoch 58 loss 0.00046315530167426915 acc 0.9842
epoch 59 loss 0.0004609095790563151 acc 0.9855
epoch 60 loss 0.0004572571574756876 acc 0.9859
epoch 61 loss 0.0004472661931719631 acc 0.9857
epoch 62 loss 0.00044936239551752804 acc 0.9854
epoch 63 loss 0.0004442759075667709 acc 0.9848
epoch 64 loss 0.00043491713262628766 acc 0.985
epoch 65 loss 0.00043342221305239944 acc 0.9855
epoch 66 loss 0.0004468304138397798 acc 0.9843
epoch 67 loss 0.0004407541468460113 acc 0.9848
epoch 68 loss 0.00042079766733571885 acc 0.9848
epoch 69 loss 0.0004139386944100261 acc 0.9836
epoch 70 loss 0.0004138925991393626 acc 0.9844
epoch 71 loss 0.00042165162395453083 acc 0.9856
epoch 72 loss 0.00042553669419605287 acc 0.9863
epoch 73 loss 0.00039926508845295757 acc 0.9859
epoch 74 loss 0.0004211396536463872 acc 0.9855
epoch 75 loss 0.0004107929541217163 acc 0.9861
epoch 76 loss 0.0003972202265681699 acc 0.986
epoch 77 loss 0.00041683867229148745 acc 0.986
epoch 78 loss 0.00039576988233951853 acc 0.9861
epoch 79 loss 0.00041750613548560065 acc 0.9856
epoch 80 loss 0.00040884852181421593 acc 0.9858
epoch 81 loss 0.00039633487696992233 acc 0.9855
epoch 82 loss 0.0003818855362571776 acc 0.9857
epoch 83 loss 0.00038294134282972666 acc 0.9857
epoch 84 loss 0.00037287233258131893 acc 0.9858
epoch 85 loss 0.00037740537634817884 acc 0.9856
epoch 86 loss 0.0003686129458062351 acc 0.9858
epoch 87 loss 0.0003760377739625983 acc 0.9864
epoch 88 loss 0.0003498977149138227 acc 0.9856
epoch 89 loss 0.00037343715225812045 acc 0.986
epoch 90 loss 0.0003619340603845194 acc 0.9861
epoch 91 loss 0.00036294619883876295 acc 0.9859
epoch 92 loss 0.00036867927639745176 acc 0.9861
epoch 93 loss 0.0003402317216969095 acc 0.9859
epoch 94 loss 0.00036473013567971064 acc 0.986
epoch 95 loss 0.00036185209489427507 acc 0.9863
epoch 96 loss 0.0003490085992985405 acc 0.9869
epoch 97 loss 0.0003465170834586024 acc 0.986
epoch 98 loss 0.00033966353497467933 acc 0.9862
epoch 99 loss 0.00034375548098701986 acc 0.9861
