epoch 51 loss 0.0004349577304092236 acc 0.9783
epoch 52 loss 0.0004129453762352932 acc 0.9791
epoch 53 loss 0.00040175899774418214 acc 0.9787
epoch 54 loss 0.00042366240259842015 acc 0.9796
epoch 55 loss 0.0004376906030799728 acc 0.9808
epoch 56 loss 0.0003749785625899676 acc 0.9801
epoch 57 loss 0.0003561533300287556 acc 0.9811
epoch 58 loss 0.0003581119626678992 acc 0.9817
epoch 59 loss 0.000369166722164955 acc 0.9808
epoch 60 loss 0.00038182520238449797 acc 0.9797
epoch 61 loss 0.00035744529925170357 acc 0.981
epoch 62 loss 0.000350174885916058 acc 0.9811
epoch 63 loss 0.0003529579112422653 acc 0.9811
epoch 64 loss 0.00033396673059673046 acc 0.9832
epoch 65 loss 0.0003313249254086986 acc 0.9803
epoch 66 loss 0.00035943347347900274 acc 0.9811
epoch 67 loss 0.0003561342119751498 acc 0.9799
epoch 68 loss 0.0003519366863416508 acc 0.9825
epoch 69 loss 0.0003141144316236023 acc 0.9801
epoch 70 loss 0.00035409263089532033 acc 0.9817
epoch 71 loss 0.0003228378819231875 acc 0.9828
epoch 72 loss 0.0003330874858528841 acc 0.9823
epoch 73 loss 0.0003219561494665686 acc 0.9814
epoch 74 loss 0.0003302645201492123 acc 0.9826
epoch 75 loss 0.000335731468758313 acc 0.9818
epoch 76 loss 0.00029196381672518326 acc 0.983
epoch 77 loss 0.00032478637510503176 acc 0.9834
epoch 78 loss 0.0003101493633876089 acc 0.9819
epoch 79 loss 0.0003317476376367267 acc 0.9809
epoch 80 loss 0.0003304484910069732 acc 0.9819
epoch 81 loss 0.0003021973123366479 acc 0.9823
epoch 82 loss 0.0003149781699210871 acc 0.9802
epoch 83 loss 0.0002999889394216007 acc 0.9819
epoch 84 loss 0.00027957624317379666 acc 0.9811
epoch 85 loss 0.0002884556455060374 acc 0.9825
epoch 86 loss 0.00028063260223774704 acc 0.9801
epoch 87 loss 0.0003010610521154013 acc 0.9809
epoch 88 loss 0.00026882876449206377 acc 0.9821
epoch 89 loss 0.00028759784739930183 acc 0.9835
epoch 90 loss 0.0002686665907024872 acc 0.9825
epoch 91 loss 0.00028714278353727423 acc 0.9811
epoch 92 loss 0.00027820627401990353 acc 0.9819
epoch 93 loss 0.00024296507318795192 acc 0.982
epoch 94 loss 0.0002890098175307503 acc 0.9817
epoch 95 loss 0.0002879245906963479 acc 0.9821
epoch 96 loss 0.0002620627459709067 acc 0.9826
epoch 97 loss 0.00026143748660513666 acc 0.9821
epoch 98 loss 0.00026332526425772813 acc 0.9822
epoch 99 loss 0.00026945443943317515 acc 0.9814
