flops 4.1 GMac params 30.79 M
Files already downloaded and verified
Files already downloaded and verified
/usr/local/miniconda3/envs/transformer/lib/python3.8/site-packages/torch/optim/lr_scheduler.py:131: UserWarning: Detected call of `lr_scheduler.step()` before `optimizer.step()`. In PyTorch 1.1.0 and later, you should call them in the opposite order: `optimizer.step()` before `lr_scheduler.step()`.  Failure to do this will result in PyTorch skipping the first value of the learning rate schedule. See more details at https://pytorch.org/docs/stable/optim.html#how-to-adjust-learning-rate
  warnings.warn("Detected call of `lr_scheduler.step()` before `optimizer.step()`. "
epoch 0 lr 0.005 loss 0.02296682750582695 acc 0.8868
epoch 1 lr 0.005 loss 0.0053395726948976515 acc 0.9517
epoch 2 lr 0.004998889760822896 loss 0.003374405268803239 acc 0.9659
epoch 3 lr 0.004995560138963611 loss 0.0026744692612439393 acc 0.9677
epoch 4 lr 0.00499001442035693 loss 0.002250103694871068 acc 0.9737
epoch 5 lr 0.004982258077957575 loss 0.0019491751899942756 acc 0.9751
epoch 6 lr 0.00497229876633906 loss 0.0017770839240774513 acc 0.9774
epoch 7 lr 0.00496014631413955 loss 0.0015899836316891015 acc 0.9779
epoch 8 lr 0.004945812714362181 loss 0.0014869954866170883 acc 0.9774
epoch 9 lr 0.00492931211253942 loss 0.0013694234463386239 acc 0.9781
epoch 10 lr 0.004910660792773121 loss 0.001265495756510645 acc 0.9792
epoch 11 lr 0.004889877161664096 loss 0.0012145692694000899 acc 0.9806
epoch 12 lr 0.004866981730147007 loss 0.0011233062094915657 acc 0.9787
epoch 13 lr 0.004841997093248566 loss 0.001030759423468262 acc 0.9794
epoch 14 lr 0.004814947907788958 loss 0.0010599966826103627 acc 0.9825
epoch 15 lr 0.004785860868048545 loss 0.0009851999517716467 acc 0.9808
epoch 16 lr 0.004754764679423828 loss 0.0009096015354525298 acc 0.9821
epoch 17 lr 0.004721690030098693 loss 0.000884916003588587 acc 0.9822
epoch 18 lr 0.0046866695607588734 loss 0.0008327532461099327 acc 0.9826
epoch 19 lr 0.004649737832379534 loss 0.0007998243760317564 acc 0.9835
epoch 20 lr 0.004610931292117764 loss 0.0007885308302659541 acc 0.9826
epoch 21 lr 0.004570288237343631 loss 0.0007519344519544393 acc 0.9836
epoch 22 lr 0.004527848777845303 loss 0.0007282614472229034 acc 0.9834
epoch 23 lr 0.004483654796245526 loss 0.0006840696563292295 acc 0.9836
epoch 24 lr 0.004437749906668534 loss 0.0006888634864334017 acc 0.9836
epoch 25 lr 0.0043901794116981765 loss 0.0006811828751862049 acc 0.9827
epoch 26 lr 0.004340990257669732 loss 0.0006425417444994673 acc 0.9835
epoch 27 lr 0.00429023098833955 loss 0.0006251276229321957 acc 0.9838
epoch 28 lr 0.0042379516969782175 loss 0.0006450239605084062 acc 0.9843
epoch 29 lr 0.0041842039769345515 loss 0.0006248383486503735 acc 0.9841
epoch 30 lr 0.004129040870719197 loss 0.000583602235019207 acc 0.9842
epoch 31 lr 0.004072516817658065 loss 0.0005859831721615047 acc 0.9845
epoch 32 lr 0.004014687600167294 loss 0.0005669604051765054 acc 0.9856
epoch 33 lr 0.003955610288702742 loss 0.0005819109706534073 acc 0.9847
epoch 34 lr 0.003895343185438335 loss 0.0005327977928798645 acc 0.9847
epoch 35 lr 0.0038339457667288593 loss 0.000543417637613602 acc 0.9841
epoch 36 lr 0.0037714786244139806 loss 0.000511920667970553 acc 0.9848
epoch 37 lr 0.0037080034060214136 loss 0.000534361940389499 acc 0.9843
epoch 38 lr 0.003643582753928256 loss 0.0005107775843515992 acc 0.9847
epoch 39 lr 0.003578280243540526 loss 0.0004988280510762706 acc 0.9842
epoch 40 lr 0.003512160320551906 loss 0.0004864411818888038 acc 0.9848
epoch 41 lr 0.0034452882373436316 loss 0.0005004690363584086 acc 0.9842
epoch 42 lr 0.0033777299885882663 loss 0.00047739180008415135 acc 0.9849
epoch 43 lr 0.003309552246120923 loss 0.00047903416727669535 acc 0.9853
epoch 44 lr 0.0032408222931422214 loss 0.00048642952680122105 acc 0.9852
epoch 45 lr 0.0031716079578178805 loss 0.00043376256404910237 acc 0.9855
epoch 46 lr 0.00310197754634052 loss 0.0004242545313294977 acc 0.9849
epoch 47 lr 0.003031999775519685 loss 0.00043826401562895625 acc 0.9852
epoch 48 lr 0.0029617437049666573 loss 0.000444626838020049 acc 0.9845
epoch 49 lr 0.0028912786689409553 loss 0.00044387055702507495 acc 0.9851
epoch 50 lr 0.0028206742079257886 loss 0.0004578889199206606 acc 0.985
epoch 51 lr 0.0027500000000000003 loss 0.0004332674245676026 acc 0.9846
epoch 52 lr 0.0026793257920742115 loss 0.0004183137774048373 acc 0.9846
epoch 53 lr 0.002608721331059045 loss 0.00041850677048321815 acc 0.9854
epoch 54 lr 0.002538256295033343 loss 0.0004027066247723997 acc 0.9847
epoch 55 lr 0.002468000224480315 loss 0.0004115294443303719 acc 0.9848
epoch 56 lr 0.0023980224536594807 loss 0.0004018307323893532 acc 0.985
epoch 57 lr 0.0023283920421821197 loss 0.0003877284536557272 acc 0.985
epoch 58 lr 0.0022591777068577796 loss 0.000414741656826809 acc 0.9856
epoch 59 lr 0.0021904477538790767 loss 0.00040047499820124356 acc 0.9851
epoch 60 lr 0.0021222700114117343 loss 0.0004026904896041378 acc 0.9845
epoch 61 lr 0.0020547117626563693 loss 0.00038287737214472145 acc 0.985
epoch 62 lr 0.0019878396794480945 loss 0.000400157988043502 acc 0.9855
epoch 63 lr 0.0019217197564594753 loss 0.00038485408286098393 acc 0.9864
epoch 64 lr 0.0018564172460717432 loss 0.0003901024478999898 acc 0.9858
epoch 65 lr 0.0017919965939785865 loss 0.00038117165382020173 acc 0.9853
epoch 66 lr 0.0017285213755860195 loss 0.0003897288148896769 acc 0.9852
epoch 67 lr 0.0016660542332711404 loss 0.0003820103251375258 acc 0.9855
epoch 68 lr 0.0016046568145616647 loss 0.0003709283193061128 acc 0.9851
epoch 69 lr 0.0015443897112972565 loss 0.0003778155150450766 acc 0.9865
epoch 70 lr 0.0014853123998327057 loss 0.00036294761543860656 acc 0.9856
epoch 71 lr 0.001427483182341936 loss 0.00037003843394108114 acc 0.986
epoch 72 lr 0.0013709591292808026 loss 0.0003573391146794893 acc 0.9856
epoch 73 lr 0.0013157960230654481 loss 0.00037008190366439524 acc 0.9852
epoch 74 lr 0.0012620483030217832 loss 0.00035627163954544814 acc 0.986
epoch 75 lr 0.0012097690116604505 loss 0.0003661877231532708 acc 0.9854
epoch 76 lr 0.0011590097423302681 loss 0.0003725653515383601 acc 0.9859
epoch 77 lr 0.0011098205883018242 loss 0.00036373966877814383 acc 0.9859
epoch 78 lr 0.001062250093331466 loss 0.0003550397478416562 acc 0.9855
epoch 79 lr 0.0010163452037544745 loss 0.0003621375153819099 acc 0.9851
epoch 80 lr 0.0009721512221546963 loss 0.0003486609996412881 acc 0.9858
epoch 81 lr 0.0009297117626563683 loss 0.00034358442006167026 acc 0.9858
epoch 82 lr 0.0008890687078822362 loss 0.000346783752378542 acc 0.9856
epoch 83 lr 0.0008502621676204664 loss 0.00036577860679710283 acc 0.9857
epoch 84 lr 0.0008133304392411267 loss 0.0003474999770382419 acc 0.9859
epoch 85 lr 0.0007783099699013069 loss 0.0003590299014514312 acc 0.9854
epoch 86 lr 0.0007452353205761725 loss 0.0003593557374854572 acc 0.9861
epoch 87 lr 0.0007141391319514562 loss 0.0003509122498310171 acc 0.986
epoch 88 lr 0.0006850520922110426 loss 0.00032410029370337723 acc 0.9855
epoch 89 lr 0.0006580029067514342 loss 0.0003391676592966542 acc 0.9855
epoch 90 lr 0.0006330182698529923 loss 0.0003461553638381884 acc 0.9859
epoch 91 lr 0.0006101228383359042 loss 0.0003410290183103643 acc 0.9857
epoch 92 lr 0.0005893392072268783 loss 0.00034921894827159123 acc 0.9856
epoch 93 lr 0.0005706878874605798 loss 0.00033112524506868793 acc 0.9855
epoch 94 lr 0.0005541872856378182 loss 0.000337912233620882 acc 0.9852