flops 4.43 GMac params 23.53 M
Files already downloaded and verified
Files already downloaded and verified
/usr/local/miniconda3/envs/transformer/lib/python3.8/site-packages/torch/optim/lr_scheduler.py:131: UserWarning: Detected call of `lr_scheduler.step()` before `optimizer.step()`. In PyTorch 1.1.0 and later, you should call them in the opposite order: `optimizer.step()` before `lr_scheduler.step()`.  Failure to do this will result in PyTorch skipping the first value of the learning rate schedule. See more details at https://pytorch.org/docs/stable/optim.html#how-to-adjust-learning-rate
  warnings.warn("Detected call of `lr_scheduler.step()` before `optimizer.step()`. "
epoch 0 lr 0.005 loss 0.013319992730170488 acc 0.9293
epoch 1 lr 0.005 loss 0.00389192362986505 acc 0.96
epoch 2 lr 0.00499913648064003 loss 0.0028709981171786787 acc 0.9691
epoch 3 lr 0.004996546774749476 loss 0.002341705948449671 acc 0.9694
epoch 4 lr 0.00499223343805539 loss 0.0020160863078944385 acc 0.9736
epoch 5 lr 0.004986200727300336 loss 0.001773152005597949 acc 0.9743
epoch 6 lr 0.0049784545960414915 loss 0.0016060361939296127 acc 0.9777
epoch 7 lr 0.004969002688775205 loss 0.0014544969621300696 acc 0.9784
epoch 8 lr 0.004957854333392808 loss 0.0013691381829604506 acc 0.979
epoch 9 lr 0.004945020531975104 loss 0.0012318461393751204 acc 0.9778
epoch 10 lr 0.004930513949934651 loss 0.0011607665327191352 acc 0.9798
epoch 11 lr 0.004914348903516519 loss 0.0010450361392647027 acc 0.9816
epoch 12 lr 0.0048965413456698945 loss 0.0009780614064633846 acc 0.9811
epoch 13 lr 0.00487710885030444 loss 0.0009732389415428042 acc 0.9813
epoch 14 lr 0.004856070594946967 loss 0.0009023334292694926 acc 0.9822
epoch 15 lr 0.0048334473418155345 loss 0.0008610469857417047 acc 0.9808
epoch 21 lr 0.004665779740156158 loss 0.0006786618576478214 acc 0.9827
epoch 22 lr 0.004632771271657459 loss 0.0006500248161051423 acc 0.9835
epoch 23 lr 0.004598398174857631 loss 0.0006231077734287828 acc 0.9835
epoch 24 lr 0.004562694371853304 loss 0.0006165764649678022 acc 0.9832
epoch 25 lr 0.00452569509798747 loss 0.0006013623885530978 acc 0.9839
epoch 26 lr 0.004487436867076458 loss 0.0005631448298273608 acc 0.9833
epoch 27 lr 0.004447957435375205 loss 0.0005488795267883688 acc 0.9835
epoch 28 lr 0.004407295764316391 loss 0.0005520921554043889 acc 0.9838
epoch 29 lr 0.0043654919820602075 loss 0.000544641285892576 acc 0.9836
epoch 30 lr 0.004322587343892709 loss 0.0005372378652635962 acc 0.9842
epoch 31 lr 0.004278624191511828 loss 0.0005262250909209252 acc 0.984
epoch 32 lr 0.004233645911241229 loss 0.0005358505929028615 acc 0.984
epoch 33 lr 0.004187696891213244 loss 0.0005012004550825805 acc 0.9837
epoch 34 lr 0.004140822477563149 loss 0.00048752361937891693 acc 0.985
epoch 35 lr 0.004093068929678001 loss 0.000475798446405679 acc 0.9847
epoch 36 lr 0.004044483374544207 loss 0.0004578435835056007 acc 0.9854
epoch 37 lr 0.003995113760238878 loss 0.00046047521840780975 acc 0.9855
epoch 38 lr 0.003945008808610866 loss 0.0004428935108194128 acc 0.9856
epoch 39 lr 0.003894217967198187 loss 0.0004386449043918401 acc 0.9853
epoch 40 lr 0.00384279136042926 loss 0.0004439760196721181 acc 0.9844
epoch 41 lr 0.0037907797401561583 loss 0.0004321706112846732 acc 0.9849
epoch 42 lr 0.0037382344355686515 loss 0.00042591900935862214 acc 0.9849
epoch 43 lr 0.003685207302538496 loss 0.0004191525474144146 acc 0.986
epoch 44 lr 0.00363175067244395 loss 0.0004136961804982275 acc 0.9851
epoch 45 lr 0.003577917300525019 loss 0.00043693967730272564 acc 0.9845
epoch 46 lr 0.0035237603138204045 loss 0.00039829178920015694 acc 0.9855
epoch 47 lr 0.0034693331587375333 loss 0.000389955568453297 acc 0.9855
epoch 48 lr 0.0034146895483074 loss 0.00038596238848287613 acc 0.9855
epoch 49 lr 0.0033598834091762985 loss 0.0003875500503694639 acc 0.9859
epoch 50 lr 0.0033049688283867252 loss 0.0003974305595597252 acc 0.9849
epoch 51 lr 0.0032500000000000007 loss 0.00037881609950680284 acc 0.9855
epoch 52 lr 0.0031950311716132758 loss 0.00037676120521035043 acc 0.9859
epoch 53 lr 0.0031401165908237017 loss 0.0003816885347384959 acc 0.9854
epoch 54 lr 0.0030853104516926 loss 0.0003697032702760771 acc 0.9852
epoch 55 lr 0.0030306668412624677 loss 0.0003718225961830467 acc 0.9855
epoch 56 lr 0.0029762396861795965 loss 0.00035996304308995606 acc 0.9857
epoch 57 lr 0.002922082699474982 loss 0.0003441911337664351 acc 0.9858
epoch 58 lr 0.002868249327556051 loss 0.0003537978349160403 acc 0.9858
epoch 59 lr 0.0028147926974615048 loss 0.0003422904085740447 acc 0.9857
epoch 60 lr 0.0027617655644313487 loss 0.0003482071356638335 acc 0.9854
epoch 61 lr 0.002709220259843843 loss 0.00033617371243890376 acc 0.9854
epoch 62 lr 0.002657208639570741 loss 0.0003380541283637285 acc 0.9854
epoch 63 lr 0.0026057820328018143 loss 0.00033110535925254226 acc 0.9855
epoch 64 lr 0.0025549911913891337 loss 0.0003421999642765149 acc 0.9863
epoch 65 lr 0.002504886239761123 loss 0.0003233624903392047 acc 0.986
epoch 66 lr 0.002455516625455793 loss 0.00033846012572292237 acc 0.986
epoch 67 lr 0.0024069310703219984 loss 0.000333059779368341 acc 0.9861
epoch 68 lr 0.002359177522436851 loss 0.00033070292663760486 acc 0.987
epoch 69 lr 0.0023123031087867556 loss 0.00032333818985847757 acc 0.9861
epoch 70 lr 0.0022663540887587715 loss 0.00031648923906497657 acc 0.9859
epoch 71 lr 0.0022213758084881725 loss 0.00033434672532370313 acc 0.9864
epoch 72 lr 0.002177412656107291 loss 0.00031697169716004284 acc 0.9868
epoch 73 lr 0.002134508017939793 loss 0.000319425212694332 acc 0.9862
epoch 74 lr 0.0020927042356836097 loss 0.0003065307733323425 acc 0.9862
epoch 75 lr 0.002052042564624795 loss 0.0003105479248194024 acc 0.9871
epoch 76 lr 0.002012563132923542 loss 0.00030398585634771734 acc 0.9864
epoch 77 lr 0.0019743049020125303 loss 0.0003227319042943418 acc 0.9863
epoch 78 lr 0.0019373056281466962 loss 0.0003054122444917448 acc 0.9864
epoch 79 lr 0.0019016018251423695 loss 0.0002981884605437517 acc 0.9869
epoch 80 lr 0.0018672287283425422 loss 0.0003075302622793242 acc 0.9864
epoch 81 lr 0.0018342202598438423 loss 0.00030122161994688214 acc 0.9871
epoch 82 lr 0.0018026089950195173 loss 0.00029282651737565175 acc 0.987
epoch 83 lr 0.0017724261303714746 loss 0.00028826813005609436 acc 0.9863
epoch 84 lr 0.001743701452743099 loss 0.00028369294855045156 acc 0.9862
epoch 85 lr 0.001716463309923239 loss 0.0002883342853933573 acc 0.9868
epoch 86 lr 0.0016907385826703564 loss 0.0002859919809061103 acc 0.9866
epoch 87 lr 0.0016665526581844665 loss 0.00027754942945437504 acc 0.9854
epoch 88 lr 0.0016439294050530334 loss 0.00030744065141538157 acc 0.9859
epoch 89 lr 0.0016228911496955606 loss 0.0002837602529441938 acc 0.9859
epoch 90 lr 0.0016034586543301056 loss 0.0002736827199929394 acc 0.9864
epoch 91 lr 0.0015856510964834813 loss 0.0002919989520427771 acc 0.9861
epoch 92 lr 0.0015694860500653502 loss 0.00029024066611891614 acc 0.9865
epoch 93 lr 0.0015549794680248957 loss 0.0002796385582187213 acc 0.9862
epoch 94 lr 0.001542145666607192 loss 0.00028620547231752427 acc 0.9863
epoch 95 lr 0.001530997311224795 loss 0.0002781703990860842 acc 0.987
epoch 96 lr 0.0015215454039585092 loss 0.0002741779064992443 acc 0.9863
epoch 97 lr 0.0015137992726996642 loss 0.0002783730942173861 acc 0.9862
epoch 98 lr 0.0015077665619446102 loss 0.0002780061218491755 acc 0.9859
epoch 99 lr 0.0015034532252505251 loss 0.0002694085145299323 acc 0.9864